> Task :common:createMinecraftArtifacts UP-TO-DATE
> Task :common:compileJava UP-TO-DATE
> Task :neoforge:clean

> Task :neoforge:createMinecraftArtifacts
Loaded 141 artifacts from E:\Github\Scannable-Unofficial\neoforge\build\tmp\createMinecraftArtifacts\nfrt_artifact_manifest.properties
*** Started working on downloadManifest
  DL    https://launchermeta.mojang.com/mc/game/version_manifest_v2.json
 DONE  Completed downloadManifest in 1.16s
*** Started working on downloadJson
 DONE  Completed downloadJson in 0.01s
*** Started working on downloadServer
*** Started working on downloadClient
 DONE  Completed downloadClient in 0.04s
 DONE  Completed downloadServer in 0.04s
*** Started working on preProcessJar
 REUSE Used cache of preProcessJar in 0.00s
*** Started working on decompile
 REUSE Used cache of decompile in 0.00s
*** Started working on patch
 REUSE Used cache of patch in 0.00s
*** Started working on applyNeoforgePatches
 REUSE Used cache of applyNeoforgePatches in 0.00s
*** Started working on transformSources
 REUSE Used cache of transformSources in 0.00s
*** Started working on recompile
 REUSE Used cache of recompile in 0.00s
*** Started working on mergeWithSources
 REUSE Used cache of mergeWithSources in 0.00s
Total runtime: 2.50s


> Task :neoforge:mergeNeoforgeSources

> Task :neoforge:compileJava

[Incubating] Problems report is available at: file:///E:/Github/Scannable-Unofficial/build/reports/problems/problems-report.html

Deprecated Gradle features were used in this build, making it incompatible with Gradle 10.

You can use '--warning-mode all' to show the individual deprecation warnings and determine if they come from your own scripts or plugins.

For more on this, please refer to https://docs.gradle.org/9.2.1/userguide/command_line_interface.html#sec:command_line_warnings in the Gradle documentation.

BUILD SUCCESSFUL in 7s
6 actionable tasks: 4 executed, 2 up-to-date
